d:\atoz\3d-buzz\c++\102\week7\project3\x64\debug\vc142.pdb
d:\atoz\3d-buzz\c++\102\week7\project3\x64\debug\vc142.ıdb
d:\atoz\3d-buzz\c++\102\week7\project3\x64\debug\vector2.obj
d:\atoz\3d-buzz\c++\102\week7\project3\x64\debug\sıngleprojectıle.obj
d:\atoz\3d-buzz\c++\102\week7\project3\x64\debug\player.obj
d:\atoz\3d-buzz\c++\102\week7\project3\x64\debug\level.obj
d:\atoz\3d-buzz\c++\102\week7\project3\x64\debug\fıreball.obj
d:\atoz\3d-buzz\c++\102\week7\project3\x64\debug\maın.obj
d:\atoz\3d-buzz\c++\102\week7\project3\x64\debug\multıfıreball.obj
d:\atoz\3d-buzz\c++\102\week7\project3\x64\debug\weaponpıckuptıle.obj
d:\atoz\3d-buzz\c++\102\week8\project3\x64\debug\vc142.pdb
d:\atoz\3d-buzz\c++\102\week8\project3\x64\debug\vc142.ıdb
d:\atoz\3d-buzz\c++\102\week8\project3\x64\debug\weaponpıckuptıle.obj
d:\atoz\3d-buzz\c++\102\week8\project3\x64\debug\vector2.obj
d:\atoz\3d-buzz\c++\102\week8\project3\x64\debug\sıngleprojectıle.obj
d:\atoz\3d-buzz\c++\102\week8\project3\x64\debug\player.obj
d:\atoz\3d-buzz\c++\102\week8\project3\x64\debug\multıfıreball.obj
d:\atoz\3d-buzz\c++\102\week8\project3\x64\debug\maın.obj
d:\atoz\3d-buzz\c++\102\week8\project3\x64\debug\level.obj
d:\atoz\3d-buzz\c++\102\week8\project3\x64\debug\ıactor.obj
d:\atoz\3d-buzz\c++\102\week8\project3\x64\debug\fıreball.obj
d:\atoz\3d-buzz\c++\102\week7\project3\x64\debug\project3.exe
d:\atoz\3d-buzz\c++\102\week7\project3\x64\debug\project3.ılk
d:\atoz\3d-buzz\c++\102\week7\project3\x64\debug\project3.pdb
d:\atoz\3d-buzz\c++\102\week8\project3\x64\debug\project3.exe
d:\atoz\3d-buzz\c++\102\week8\project3\x64\debug\project3.ılk
d:\atoz\3d-buzz\c++\102\week8\project3\x64\debug\project3.pdb
d:\atoz\3d-buzz\c++\102\week8\project3\x64\debug\fireball.obj
d:\atoz\3d-buzz\c++\102\week8\project3\x64\debug\main.obj
d:\atoz\3d-buzz\c++\102\week8\project3\x64\debug\multifireball.obj
d:\atoz\3d-buzz\c++\102\week8\project3\x64\debug\singleprojectile.obj
d:\atoz\3d-buzz\c++\102\week8\project3\x64\debug\weaponpickuptile.obj
d:\atoz\3d-buzz\c++\102\week8\project3\x64\debug\project3.ilk
d:\atoz\3d-buzz\c++\102\week8\project3\x64\debug\vc142.idb
d:\atoz\3d-buzz\c++\102\week8\project3\x64\debug\project3.tlog\cl.command.1.tlog
d:\atoz\3d-buzz\c++\102\week8\project3\x64\debug\project3.tlog\cl.read.1.tlog
d:\atoz\3d-buzz\c++\102\week8\project3\x64\debug\project3.tlog\cl.write.1.tlog
d:\atoz\3d-buzz\c++\102\week8\project3\x64\debug\project3.tlog\link.command.1.tlog
d:\atoz\3d-buzz\c++\102\week8\project3\x64\debug\project3.tlog\link.read.1.tlog
d:\atoz\3d-buzz\c++\102\week8\project3\x64\debug\project3.tlog\link.write.1.tlog
